#-----------------------------------------------------------
# Vivado v2018.3.1 (64-bit)
# SW Build 2489853 on Tue Mar 26 04:20:25 MDT 2019
# IP Build 2486929 on Tue Mar 26 06:44:21 MDT 2019
# Start of session at: Sat Jan 16 15:43:22 2021
# Process ID: 796
# Current directory: D:/Vivado/catch_pdm_zedboard_new
# Command line: vivado.exe -gui_launcher_event rodinguilauncherevent14976 D:\Vivado\catch_pdm_zedboard_new\catch_pdm_zedboard_new.xpr
# Log file: D:/Vivado/catch_pdm_zedboard_new/vivado.log
# Journal file: D:/Vivado/catch_pdm_zedboard_new\vivado.jou
#-----------------------------------------------------------
start_gui
open_project D:/Vivado/catch_pdm_zedboard_new/catch_pdm_zedboard_new.xpr
CRITICAL WARNING: [Project 1-19] Could not find the file 'D:/Vivado/catch_pdm_zedboard_new/catch_pdm_zedboard_new.srcs/sources_1/imports/src/sysctrl.v'.
Scanning sources...
Finished scanning sources
INFO: [IP_Flow 19-234] Refreshing IP repositories
INFO: [IP_Flow 19-1700] Loaded user IP repository 'd:/Vivado/catch_pdm_zedboard_new/catch_pdm_zedboard_new.srcs/sources_1/imports'.
INFO: [IP_Flow 19-2313] Loaded Vivado IP repository 'C:/Xilinx/Vivado/2018.3/data/ip'.
open_project: Time (s): cpu = 00:00:11 ; elapsed = 00:00:05 . Memory (MB): peak = 782.020 ; gain = 140.082
update_compile_order -fileset sources_1
export_ip_user_files -of_objects  [get_files D:/Vivado/catch_pdm_zedboard_new/catch_pdm_zedboard_new.srcs/sources_1/imports/src/sysctrl.v] -no_script -reset -force -quiet
remove_files  D:/Vivado/catch_pdm_zedboard_new/catch_pdm_zedboard_new.srcs/sources_1/imports/src/sysctrl.v
ipx::open_ipxact_file {D:\Vivado\catch_pdm_zedboard_new\catch_pdm_zedboard_new.srcs\sources_1\imports\component.xml}
WARNING: [IP_Flow 19-3833] Unreferenced file from the top module is not packaged: 'D:/Vivado/catch_pdm_zedboard_new/catch_pdm_zedboard_new.srcs/sources_1/imports/src/Param.v'.
WARNING: [IP_Flow 19-5226] Project source file 'd:/Vivado/catch_pdm_zedboard_new/catch_pdm_zedboard_new.srcs/sources_1/imports/component.xml' ignored by IP packager.
WARNING: [IP_Flow 19-3898] File Group 'xilinx_anylanguagesynthesis (Synthesis)': File 'd:/Vivado/catch_pdm_zedboard_new/catch_pdm_zedboard_new.srcs/sources_1/imports/src/Param.v' is not found in the project sources. It will be removed from the packaged IP when the sources are merged. If still required, please add this file to the project and re-package.
WARNING: [IP_Flow 19-3898] File Group 'xilinx_anylanguagesynthesis (Synthesis)': File 'd:/Vivado/catch_pdm_zedboard_new/catch_pdm_zedboard_new.srcs/sources_1/imports/src/Param.v' is not found in the project sources. It will be removed from the packaged IP when the sources are merged. If still required, please add this file to the project and re-package.
WARNING: [IP_Flow 19-3898] File Group 'xilinx_anylanguagesynthesis (Synthesis)': File 'd:/Vivado/catch_pdm_zedboard_new/catch_pdm_zedboard_new.srcs/sources_1/imports/src/dbuf.v' is not found in the project sources. It will be removed from the packaged IP when the sources are merged. If still required, please add this file to the project and re-package.
WARNING: [IP_Flow 19-3898] File Group 'xilinx_anylanguagesynthesis (Synthesis)': File 'd:/Vivado/catch_pdm_zedboard_new/catch_pdm_zedboard_new.srcs/sources_1/imports/src/pdm.v' is not found in the project sources. It will be removed from the packaged IP when the sources are merged. If still required, please add this file to the project and re-package.
WARNING: [IP_Flow 19-3898] File Group 'xilinx_anylanguagesynthesis (Synthesis)': File 'd:/Vivado/catch_pdm_zedboard_new/catch_pdm_zedboard_new.srcs/sources_1/imports/src/sysctrl.v' is not found in the project sources. It will be removed from the packaged IP when the sources are merged. If still required, please add this file to the project and re-package.
WARNING: [IP_Flow 19-3898] File Group 'xilinx_anylanguagesynthesis (Synthesis)': File 'd:/Vivado/catch_pdm_zedboard_new/catch_pdm_zedboard_new.srcs/sources_1/imports/src/MYIP_TOP.v' is not found in the project sources. It will be removed from the packaged IP when the sources are merged. If still required, please add this file to the project and re-package.
WARNING: [IP_Flow 19-4308] Project file 'd:/Vivado/catch_pdm_zedboard_new/catch_pdm_zedboard_new.srcs/sources_1/imports/src/dbuf.v' is not found in the component files. It will be added automatically when merging sources and repackaging. Please remove the file from the source project if this is not desired.
WARNING: [IP_Flow 19-4308] Project file 'd:/Vivado/catch_pdm_zedboard_new/catch_pdm_zedboard_new.srcs/sources_1/imports/src/pdm.v' is not found in the component files. It will be added automatically when merging sources and repackaging. Please remove the file from the source project if this is not desired.
WARNING: [IP_Flow 19-4308] Project file 'd:/Vivado/catch_pdm_zedboard_new/catch_pdm_zedboard_new.srcs/sources_1/imports/src/MYIP_TOP.v' is not found in the component files. It will be added automatically when merging sources and repackaging. Please remove the file from the source project if this is not desired.
WARNING: [IP_Flow 19-3898] File Group 'xilinx_anylanguagebehavioralsimulation (Simulation)': File 'd:/Vivado/catch_pdm_zedboard_new/catch_pdm_zedboard_new.srcs/sources_1/imports/src/Param.v' is not found in the project sources. It will be removed from the packaged IP when the sources are merged. If still required, please add this file to the project and re-package.
WARNING: [IP_Flow 19-3898] File Group 'xilinx_anylanguagebehavioralsimulation (Simulation)': File 'd:/Vivado/catch_pdm_zedboard_new/catch_pdm_zedboard_new.srcs/sources_1/imports/src/Param.v' is not found in the project sources. It will be removed from the packaged IP when the sources are merged. If still required, please add this file to the project and re-package.
WARNING: [IP_Flow 19-3898] File Group 'xilinx_anylanguagebehavioralsimulation (Simulation)': File 'd:/Vivado/catch_pdm_zedboard_new/catch_pdm_zedboard_new.srcs/sources_1/imports/src/dbuf.v' is not found in the project sources. It will be removed from the packaged IP when the sources are merged. If still required, please add this file to the project and re-package.
WARNING: [IP_Flow 19-3898] File Group 'xilinx_anylanguagebehavioralsimulation (Simulation)': File 'd:/Vivado/catch_pdm_zedboard_new/catch_pdm_zedboard_new.srcs/sources_1/imports/src/pdm.v' is not found in the project sources. It will be removed from the packaged IP when the sources are merged. If still required, please add this file to the project and re-package.
WARNING: [IP_Flow 19-3898] File Group 'xilinx_anylanguagebehavioralsimulation (Simulation)': File 'd:/Vivado/catch_pdm_zedboard_new/catch_pdm_zedboard_new.srcs/sources_1/imports/src/sysctrl.v' is not found in the project sources. It will be removed from the packaged IP when the sources are merged. If still required, please add this file to the project and re-package.
WARNING: [IP_Flow 19-3898] File Group 'xilinx_anylanguagebehavioralsimulation (Simulation)': File 'd:/Vivado/catch_pdm_zedboard_new/catch_pdm_zedboard_new.srcs/sources_1/imports/src/MYIP_TOP.v' is not found in the project sources. It will be removed from the packaged IP when the sources are merged. If still required, please add this file to the project and re-package.
WARNING: [IP_Flow 19-4308] Project file 'd:/Vivado/catch_pdm_zedboard_new/catch_pdm_zedboard_new.srcs/sources_1/imports/src/dbuf.v' is not found in the component files. It will be added automatically when merging sources and repackaging. Please remove the file from the source project if this is not desired.
WARNING: [IP_Flow 19-4308] Project file 'd:/Vivado/catch_pdm_zedboard_new/catch_pdm_zedboard_new.srcs/sources_1/imports/src/pdm.v' is not found in the component files. It will be added automatically when merging sources and repackaging. Please remove the file from the source project if this is not desired.
WARNING: [IP_Flow 19-4308] Project file 'd:/Vivado/catch_pdm_zedboard_new/catch_pdm_zedboard_new.srcs/sources_1/imports/src/MYIP_TOP.v' is not found in the component files. It will be added automatically when merging sources and repackaging. Please remove the file from the source project if this is not desired.
add_files -norecurse {D:/Vivado/catch_pdm_zedboard_new/catch_pdm_zedboard_new.srcs/sources_1/imports/src/write_ctrl.v D:/Vivado/catch_pdm_zedboard_new/catch_pdm_zedboard_new.srcs/sources_1/imports/src/dbuf.v D:/Vivado/catch_pdm_zedboard_new/catch_pdm_zedboard_new.srcs/sources_1/imports/src/read_ctrl.v D:/Vivado/catch_pdm_zedboard_new/catch_pdm_zedboard_new.srcs/sources_1/imports/src/glitch_free.v D:/Vivado/catch_pdm_zedboard_new/catch_pdm_zedboard_new.srcs/sources_1/imports/src/pdm.v}
WARNING: [filemgmt 56-12] File 'D:/Vivado/catch_pdm_zedboard_new/catch_pdm_zedboard_new.srcs/sources_1/imports/src/dbuf.v' cannot be added to the project because it already exists in the project, skipping this file
WARNING: [filemgmt 56-12] File 'D:/Vivado/catch_pdm_zedboard_new/catch_pdm_zedboard_new.srcs/sources_1/imports/src/pdm.v' cannot be added to the project because it already exists in the project, skipping this file
update_compile_order -fileset sources_1
update_compile_order -fileset sources_1
update_compile_order -fileset sources_1
export_ip_user_files -of_objects  [get_files D:/Vivado/catch_pdm_zedboard_new/catch_pdm_zedboard_new.srcs/sources_1/imports/src/Param.v] -no_script -reset -force -quiet
remove_files  D:/Vivado/catch_pdm_zedboard_new/catch_pdm_zedboard_new.srcs/sources_1/imports/src/Param.v
ipx::merge_project_changes files [ipx::current_core]
WARNING: [IP_Flow 19-5226] Project source file 'd:/Vivado/catch_pdm_zedboard_new/catch_pdm_zedboard_new.srcs/sources_1/imports/component.xml' ignored by IP packager.
WARNING: [IP_Flow 19-5109] File Group 'xilinx_anylanguagesynthesis (Synthesis)': File 'd:/Vivado/catch_pdm_zedboard_new/catch_pdm_zedboard_new.srcs/sources_1/imports/src/Param.v' does not exist in the project sources. It has been removed from the packaged IP. If still required, please add this file to the project, merge sources and re-package.
WARNING: [IP_Flow 19-5109] File Group 'xilinx_anylanguagesynthesis (Synthesis)': File 'd:/Vivado/catch_pdm_zedboard_new/catch_pdm_zedboard_new.srcs/sources_1/imports/src/Param.v' does not exist in the project sources. It has been removed from the packaged IP. If still required, please add this file to the project, merge sources and re-package.
WARNING: [IP_Flow 19-5109] File Group 'xilinx_anylanguagesynthesis (Synthesis)': File 'd:/Vivado/catch_pdm_zedboard_new/catch_pdm_zedboard_new.srcs/sources_1/imports/src/dbuf.v' does not exist in the project sources. It has been removed from the packaged IP. If still required, please add this file to the project, merge sources and re-package.
WARNING: [IP_Flow 19-5109] File Group 'xilinx_anylanguagesynthesis (Synthesis)': File 'd:/Vivado/catch_pdm_zedboard_new/catch_pdm_zedboard_new.srcs/sources_1/imports/src/pdm.v' does not exist in the project sources. It has been removed from the packaged IP. If still required, please add this file to the project, merge sources and re-package.
WARNING: [IP_Flow 19-5109] File Group 'xilinx_anylanguagesynthesis (Synthesis)': File 'd:/Vivado/catch_pdm_zedboard_new/catch_pdm_zedboard_new.srcs/sources_1/imports/src/sysctrl.v' does not exist in the project sources. It has been removed from the packaged IP. If still required, please add this file to the project, merge sources and re-package.
WARNING: [IP_Flow 19-5109] File Group 'xilinx_anylanguagesynthesis (Synthesis)': File 'd:/Vivado/catch_pdm_zedboard_new/catch_pdm_zedboard_new.srcs/sources_1/imports/src/MYIP_TOP.v' does not exist in the project sources. It has been removed from the packaged IP. If still required, please add this file to the project, merge sources and re-package.
WARNING: [IP_Flow 19-5109] File Group 'xilinx_anylanguagebehavioralsimulation (Simulation)': File 'd:/Vivado/catch_pdm_zedboard_new/catch_pdm_zedboard_new.srcs/sources_1/imports/src/Param.v' does not exist in the project sources. It has been removed from the packaged IP. If still required, please add this file to the project, merge sources and re-package.
WARNING: [IP_Flow 19-5109] File Group 'xilinx_anylanguagebehavioralsimulation (Simulation)': File 'd:/Vivado/catch_pdm_zedboard_new/catch_pdm_zedboard_new.srcs/sources_1/imports/src/Param.v' does not exist in the project sources. It has been removed from the packaged IP. If still required, please add this file to the project, merge sources and re-package.
WARNING: [IP_Flow 19-5109] File Group 'xilinx_anylanguagebehavioralsimulation (Simulation)': File 'd:/Vivado/catch_pdm_zedboard_new/catch_pdm_zedboard_new.srcs/sources_1/imports/src/dbuf.v' does not exist in the project sources. It has been removed from the packaged IP. If still required, please add this file to the project, merge sources and re-package.
WARNING: [IP_Flow 19-5109] File Group 'xilinx_anylanguagebehavioralsimulation (Simulation)': File 'd:/Vivado/catch_pdm_zedboard_new/catch_pdm_zedboard_new.srcs/sources_1/imports/src/pdm.v' does not exist in the project sources. It has been removed from the packaged IP. If still required, please add this file to the project, merge sources and re-package.
WARNING: [IP_Flow 19-5109] File Group 'xilinx_anylanguagebehavioralsimulation (Simulation)': File 'd:/Vivado/catch_pdm_zedboard_new/catch_pdm_zedboard_new.srcs/sources_1/imports/src/sysctrl.v' does not exist in the project sources. It has been removed from the packaged IP. If still required, please add this file to the project, merge sources and re-package.
WARNING: [IP_Flow 19-5109] File Group 'xilinx_anylanguagebehavioralsimulation (Simulation)': File 'd:/Vivado/catch_pdm_zedboard_new/catch_pdm_zedboard_new.srcs/sources_1/imports/src/MYIP_TOP.v' does not exist in the project sources. It has been removed from the packaged IP. If still required, please add this file to the project, merge sources and re-package.
ipx::merge_project_changes hdl_parameters [ipx::current_core]
WARNING: [IP_Flow 19-5226] Project source file 'd:/Vivado/catch_pdm_zedboard_new/catch_pdm_zedboard_new.srcs/sources_1/imports/component.xml' ignored by IP packager.
INFO: [IP_Flow 19-5107] Inferred bus interface 'pdm_clk' of definition 'xilinx.com:signal:clock:1.0' (from Xilinx Repository).
update_ip_catalog -rebuild
INFO: [IP_Flow 19-234] Refreshing IP repositories
INFO: [IP_Flow 19-1700] Loaded user IP repository 'd:/Vivado/catch_pdm_zedboard_new/catch_pdm_zedboard_new.srcs/sources_1/imports'.
WARNING: [filemgmt 56-199] Attempt to get parsing info during refresh. "On-the-fly" syntax checking information may be incorrect. [D:/Vivado/catch_pdm_zedboard_new/catch_pdm_zedboard_new.srcs/sources_1/imports/src/MYIP_TOP.v:]
WARNING: [filemgmt 56-199] Attempt to get parsing info during refresh. "On-the-fly" syntax checking information may be incorrect. [D:/Vivado/catch_pdm_zedboard_new/catch_pdm_zedboard_new.srcs/sources_1/imports/src/pdm.v:]
ERROR: [Common 17-180] Spawn failed: No error
ipx::update_checksums [ipx::current_core]
ipx::save_core [ipx::current_core]
set_property core_revision 5 [ipx::current_core]
ipx::create_xgui_files [ipx::current_core]
ipx::update_checksums [ipx::current_core]
ipx::save_core [ipx::current_core]
update_ip_catalog -rebuild -repo_path d:/Vivado/catch_pdm_zedboard_new/catch_pdm_zedboard_new.srcs/sources_1/imports
INFO: [IP_Flow 19-725] Reloaded user IP repository 'd:/Vivado/catch_pdm_zedboard_new/catch_pdm_zedboard_new.srcs/sources_1/imports'
set_property core_revision 6 [ipx::current_core]
ipx::create_xgui_files [ipx::current_core]
ipx::update_checksums [ipx::current_core]
ipx::save_core [ipx::current_core]
update_ip_catalog -rebuild -repo_path d:/Vivado/catch_pdm_zedboard_new/catch_pdm_zedboard_new.srcs/sources_1/imports
INFO: [IP_Flow 19-725] Reloaded user IP repository 'd:/Vivado/catch_pdm_zedboard_new/catch_pdm_zedboard_new.srcs/sources_1/imports'
ipx::remove_address_block ahb_block [ipx::get_memory_maps ahb_system -of_objects [ipx::current_core]]
exit
INFO: [Common 17-206] Exiting Vivado at Sat Jan 16 16:48:31 2021...
