#-----------------------------------------------------------
# Vivado v2018.3.1 (64-bit)
# SW Build 2489853 on Tue Mar 26 04:20:25 MDT 2019
# IP Build 2486929 on Tue Mar 26 06:44:21 MDT 2019
# Start of session at: Sat Jan 16 17:09:58 2021
# Process ID: 9980
# Current directory: D:/Vivado/catch_pdm_zedboard_new
# Command line: vivado.exe -gui_launcher_event rodinguilauncherevent16852 D:\Vivado\catch_pdm_zedboard_new\catch_pdm_zedboard_new.xpr
# Log file: D:/Vivado/catch_pdm_zedboard_new/vivado.log
# Journal file: D:/Vivado/catch_pdm_zedboard_new\vivado.jou
#-----------------------------------------------------------
start_gui
open_project D:/Vivado/catch_pdm_zedboard_new/catch_pdm_zedboard_new.xpr
Scanning sources...
Finished scanning sources
INFO: [IP_Flow 19-234] Refreshing IP repositories
INFO: [IP_Flow 19-1700] Loaded user IP repository 'd:/Vivado/catch_pdm_zedboard_new/catch_pdm_zedboard_new.srcs/sources_1/imports'.
INFO: [IP_Flow 19-2313] Loaded Vivado IP repository 'C:/Xilinx/Vivado/2018.3/data/ip'.
open_project: Time (s): cpu = 00:00:10 ; elapsed = 00:00:05 . Memory (MB): peak = 791.953 ; gain = 145.539
update_compile_order -fileset sources_1
ipx::open_ipxact_file {D:\Vivado\catch_pdm_zedboard_new\catch_pdm_zedboard_new.srcs\sources_1\imports\component.xml}
WARNING: [IP_Flow 19-5226] Project source file 'd:/Vivado/catch_pdm_zedboard_new/catch_pdm_zedboard_new.srcs/sources_1/imports/component.xml' ignored by IP packager.
WARNING: [IP_Flow 19-3898] File Group 'xilinx_anylanguagesynthesis (Synthesis)': File 'd:/Vivado/catch_pdm_zedboard_new/catch_pdm_zedboard_new.srcs/sources_1/imports/src/dbuf.v' is not found in the project sources. It will be removed from the packaged IP when the sources are merged. If still required, please add this file to the project and re-package.
WARNING: [IP_Flow 19-3898] File Group 'xilinx_anylanguagesynthesis (Synthesis)': File 'd:/Vivado/catch_pdm_zedboard_new/catch_pdm_zedboard_new.srcs/sources_1/imports/src/glitch_free.v' is not found in the project sources. It will be removed from the packaged IP when the sources are merged. If still required, please add this file to the project and re-package.
WARNING: [IP_Flow 19-3898] File Group 'xilinx_anylanguagesynthesis (Synthesis)': File 'd:/Vivado/catch_pdm_zedboard_new/catch_pdm_zedboard_new.srcs/sources_1/imports/src/pdm.v' is not found in the project sources. It will be removed from the packaged IP when the sources are merged. If still required, please add this file to the project and re-package.
WARNING: [IP_Flow 19-3898] File Group 'xilinx_anylanguagesynthesis (Synthesis)': File 'd:/Vivado/catch_pdm_zedboard_new/catch_pdm_zedboard_new.srcs/sources_1/imports/src/read_ctrl.v' is not found in the project sources. It will be removed from the packaged IP when the sources are merged. If still required, please add this file to the project and re-package.
WARNING: [IP_Flow 19-3898] File Group 'xilinx_anylanguagesynthesis (Synthesis)': File 'd:/Vivado/catch_pdm_zedboard_new/catch_pdm_zedboard_new.srcs/sources_1/imports/src/write_ctrl.v' is not found in the project sources. It will be removed from the packaged IP when the sources are merged. If still required, please add this file to the project and re-package.
WARNING: [IP_Flow 19-3898] File Group 'xilinx_anylanguagesynthesis (Synthesis)': File 'd:/Vivado/catch_pdm_zedboard_new/catch_pdm_zedboard_new.srcs/sources_1/imports/src/MYIP_TOP.v' is not found in the project sources. It will be removed from the packaged IP when the sources are merged. If still required, please add this file to the project and re-package.
WARNING: [IP_Flow 19-3898] File Group 'xilinx_anylanguagebehavioralsimulation (Simulation)': File 'd:/Vivado/catch_pdm_zedboard_new/catch_pdm_zedboard_new.srcs/sources_1/imports/src/dbuf.v' is not found in the project sources. It will be removed from the packaged IP when the sources are merged. If still required, please add this file to the project and re-package.
WARNING: [IP_Flow 19-3898] File Group 'xilinx_anylanguagebehavioralsimulation (Simulation)': File 'd:/Vivado/catch_pdm_zedboard_new/catch_pdm_zedboard_new.srcs/sources_1/imports/src/glitch_free.v' is not found in the project sources. It will be removed from the packaged IP when the sources are merged. If still required, please add this file to the project and re-package.
WARNING: [IP_Flow 19-3898] File Group 'xilinx_anylanguagebehavioralsimulation (Simulation)': File 'd:/Vivado/catch_pdm_zedboard_new/catch_pdm_zedboard_new.srcs/sources_1/imports/src/pdm.v' is not found in the project sources. It will be removed from the packaged IP when the sources are merged. If still required, please add this file to the project and re-package.
WARNING: [IP_Flow 19-3898] File Group 'xilinx_anylanguagebehavioralsimulation (Simulation)': File 'd:/Vivado/catch_pdm_zedboard_new/catch_pdm_zedboard_new.srcs/sources_1/imports/src/read_ctrl.v' is not found in the project sources. It will be removed from the packaged IP when the sources are merged. If still required, please add this file to the project and re-package.
WARNING: [IP_Flow 19-3898] File Group 'xilinx_anylanguagebehavioralsimulation (Simulation)': File 'd:/Vivado/catch_pdm_zedboard_new/catch_pdm_zedboard_new.srcs/sources_1/imports/src/write_ctrl.v' is not found in the project sources. It will be removed from the packaged IP when the sources are merged. If still required, please add this file to the project and re-package.
WARNING: [IP_Flow 19-3898] File Group 'xilinx_anylanguagebehavioralsimulation (Simulation)': File 'd:/Vivado/catch_pdm_zedboard_new/catch_pdm_zedboard_new.srcs/sources_1/imports/src/MYIP_TOP.v' is not found in the project sources. It will be removed from the packaged IP when the sources are merged. If still required, please add this file to the project and re-package.
ipx::merge_project_changes hdl_parameters [ipx::current_core]
WARNING: [IP_Flow 19-5226] Project source file 'd:/Vivado/catch_pdm_zedboard_new/catch_pdm_zedboard_new.srcs/sources_1/imports/component.xml' ignored by IP packager.
INFO: [IP_Flow 19-3445] Bus interface 'pdm_clk': Replace port-map physical named 'pdm_clk' by 'pdm_in'.
ipx::remove_bus_interface pdm_clk [ipx::current_core]
set_property core_revision 7 [ipx::current_core]
ipx::create_xgui_files [ipx::current_core]
ipx::update_checksums [ipx::current_core]
ipx::save_core [ipx::current_core]
update_ip_catalog -rebuild -repo_path d:/Vivado/catch_pdm_zedboard_new/catch_pdm_zedboard_new.srcs/sources_1/imports
INFO: [IP_Flow 19-725] Reloaded user IP repository 'd:/Vivado/catch_pdm_zedboard_new/catch_pdm_zedboard_new.srcs/sources_1/imports'
set_property core_revision 8 [ipx::current_core]
ipx::create_xgui_files [ipx::current_core]
ipx::update_checksums [ipx::current_core]
ipx::save_core [ipx::current_core]
update_ip_catalog -rebuild -repo_path d:/Vivado/catch_pdm_zedboard_new/catch_pdm_zedboard_new.srcs/sources_1/imports
INFO: [IP_Flow 19-725] Reloaded user IP repository 'd:/Vivado/catch_pdm_zedboard_new/catch_pdm_zedboard_new.srcs/sources_1/imports'
ipx::update_checksums [ipx::current_core]
ipx::save_core [ipx::current_core]
ipx::merge_project_changes hdl_parameters [ipx::current_core]
WARNING: [IP_Flow 19-5226] Project source file 'd:/Vivado/catch_pdm_zedboard_new/catch_pdm_zedboard_new.srcs/sources_1/imports/component.xml' ignored by IP packager.
INFO: [IP_Flow 19-5107] Inferred bus interface 'pdm_clk' of definition 'xilinx.com:signal:clock:1.0' (from Xilinx Repository).
ipx::merge_project_changes hdl_parameters [ipx::current_core]
WARNING: [IP_Flow 19-5226] Project source file 'd:/Vivado/catch_pdm_zedboard_new/catch_pdm_zedboard_new.srcs/sources_1/imports/component.xml' ignored by IP packager.
INFO: [IP_Flow 19-3445] Bus interface 'pdm_clk': Replace port-map physical named 'pdm_clk' by 'pdm_in'.
ipx::remove_bus_interface pdm_clk [ipx::current_core]
ipx::update_checksums [ipx::current_core]
ipx::save_core [ipx::current_core]
ipx::update_checksums [ipx::current_core]
ipx::save_core [ipx::current_core]
set_property core_revision 9 [ipx::current_core]
ipx::create_xgui_files [ipx::current_core]
ipx::update_checksums [ipx::current_core]
ipx::save_core [ipx::current_core]
update_ip_catalog -rebuild -repo_path d:/Vivado/catch_pdm_zedboard_new/catch_pdm_zedboard_new.srcs/sources_1/imports
INFO: [IP_Flow 19-725] Reloaded user IP repository 'd:/Vivado/catch_pdm_zedboard_new/catch_pdm_zedboard_new.srcs/sources_1/imports'
